network init start

hyperparameters
init_weight_range 0.000000 ,xavier
learning_rate 0.000200
lambda1 0.000000
lambda2 0.000000
dropout 0.020000
minibatch size 32

         CONVOLUTION  [   20    16     1] [    3     3     8] [   20    16     8] [        72          8][     25600]
                RELU  [   20    16     8] [    1     1     1] [   20    16     8] [         0          0][      5120]
         CONVOLUTION  [   20    16     8] [    3     3     8] [   20    16     8] [       576          8][    186880]
                RELU  [   20    16     8] [    1     1     1] [   20    16     8] [         0          0][      5120]
         CONVOLUTION  [   20    16     8] [    3     3    16] [   20    16    16] [      1152         16][    373760]
                RELU  [   20    16    16] [    1     1     1] [   20    16    16] [         0          0][     10240]
         CONVOLUTION  [   20    16    16] [    3     3    16] [   20    16    16] [      2304         16][    742400]
                RELU  [   20    16    16] [    1     1     1] [   20    16    16] [         0          0][     10240]
             DROPOUT  [   20    16    16] [    1     1     1] [   20    16    16] [         0          0][     10240]
                  FC  [   20    16    16] [    1     1     2] [    1     1     2] [     10240          2][     20484]

input_geometry  [20 16 1]
output_geometry [1 1 2]
network flops operations 1390084 FLOPS, 0.001390 GFLOPS
init DONE

network destructor done
